[2016-12-18 14:33:16] START
[2016-12-18 15:35:20] EDIT matematicas/models/menu.py: 0
[2016-12-18 15:39:04] EDIT matematicas/models/menu.py: 0
[2016-12-18 15:53:59] CREATE unidad1/razonescambio.html: 0
[2016-12-18 15:55:05] CREATE unidad1/diferencialfuncion.html: 0
[2016-12-18 15:55:38] CREATE unidad1/aplicaciones.html: 0
[2016-12-18 15:56:25] CREATE unidad1/maximosminimos.html: 0
[2016-12-18 15:56:59] CREATE unidad1/extremosfuncion.html: 0
[2016-12-18 15:57:36] CREATE unidad1/criteriosderivada.html: 0
[2016-12-18 15:58:04] CREATE unidad1/optimizacion.html: 0
[2016-12-18 15:59:26] EDIT matematicas/models/menu.py: -1
[2016-12-18 16:04:31] EDIT matematicas/models/menu.py: -9
[2016-12-18 16:04:54] CREATE unidad1.py: 0
[2016-12-18 16:07:23] EDIT matematicas/controllers/default.py: 0
[2016-12-18 16:10:51] EDIT matematicas/controllers/unidad1.py: 1
[2016-12-18 16:14:29] EDIT matematicas/controllers/unidad1.py: 1
[2016-12-18 16:22:40] EDIT matematicas/views/layout.html: 0
[2016-12-18 16:24:55] EDIT matematicas/views/layout.html: 0
[2016-12-18 16:29:32] EDIT matematicas/controllers/unidad1.py: 4
[2016-12-18 16:31:40] EDIT matematicas/models/menu.py: 0
[2016-12-18 16:31:41] EDIT matematicas/models/menu.py: 0
[2016-12-18 16:50:09] EDIT matematicas/models/menu.py: 0
[2016-12-18 16:50:11] EDIT matematicas/controllers/default.py: 0
[2016-12-18 16:50:14] EDIT matematicas/controllers/unidad1.py: 0
[2016-12-18 17:04:34] EDIT matematicas/models/menu.py: 2
[2016-12-18 17:05:12] EDIT matematicas/models/menu.py: 1
[2016-12-18 17:07:36] EDIT matematicas/controllers/unidad1.py: 1
[2016-12-18 17:09:19] EDIT matematicas/controllers/unidad1.py: 4
[2016-12-18 17:09:21] EDIT matematicas/controllers/unidad1.py: 0
[2016-12-18 17:12:40] EDIT matematicas/models/menu.py: 0
[2016-12-18 17:13:45] EDIT matematicas/models/menu.py: 0
[2016-12-18 17:22:34] EDIT matematicas/models/menu.py: 0
[2016-12-18 17:22:35] EDIT matematicas/models/menu.py: 0
[2016-12-18 17:22:52] EDIT matematicas/models/menu.py: 0
[2016-12-18 17:22:52] EDIT matematicas/models/menu.py: 0
[2016-12-18 17:22:53] EDIT matematicas/models/menu.py: 0
[2016-12-18 17:45:53] EDIT matematicas/models/menu.py: 0
[2016-12-18 17:51:54] EDIT matematicas/models/menu.py: -45
[2016-12-18 17:51:54] EDIT matematicas/models/menu.py: 0
[2016-12-18 17:51:55] EDIT matematicas/models/menu.py: 0
[2016-12-18 17:54:14] EDIT matematicas/models/menu.py: 3
[2016-12-18 17:54:14] EDIT matematicas/models/menu.py: 0
[2016-12-18 17:54:55] EDIT matematicas/models/menu.py: 0
[2016-12-18 17:54:55] EDIT matematicas/models/menu.py: 0
[2016-12-18 17:54:55] EDIT matematicas/models/menu.py: 0
[2016-12-18 17:54:55] EDIT matematicas/models/menu.py: 0
[2016-12-18 17:54:56] EDIT matematicas/models/menu.py: 0
[2016-12-18 17:56:14] EDIT matematicas/models/menu.py: 0
[2016-12-18 17:56:14] EDIT matematicas/models/menu.py: 0
[2016-12-18 17:56:15] EDIT matematicas/models/menu.py: 0
[2016-12-18 17:57:54] EDIT matematicas/models/menu.py: 0
[2016-12-18 17:57:55] EDIT matematicas/models/menu.py: 0
[2016-12-18 17:57:55] EDIT matematicas/models/menu.py: 0
[2016-12-18 17:59:17] EDIT matematicas/models/menu.py: -3
[2016-12-18 18:04:29] EDIT matematicas/models/menu.py: 3
[2016-12-18 18:04:29] EDIT matematicas/models/menu.py: 0
[2016-12-18 18:04:30] EDIT matematicas/models/menu.py: 0
[2016-12-18 18:04:56] EDIT matematicas/models/menu.py: -3
[2016-12-18 18:04:56] EDIT matematicas/models/menu.py: 0
[2016-12-18 18:04:56] EDIT matematicas/models/menu.py: 0
[2016-12-18 18:04:57] EDIT matematicas/models/menu.py: 0
[2016-12-18 18:20:00] EDIT matematicas/models/menu.py: 0
[2016-12-18 18:20:00] EDIT matematicas/models/menu.py: 0
[2016-12-18 18:20:01] EDIT matematicas/models/menu.py: 0
[2016-12-18 18:21:18] EDIT matematicas/models/menu.py: 0
[2016-12-18 18:23:25] EDIT matematicas/models/menu.py: 10
[2016-12-18 18:24:45] EDIT matematicas/models/menu.py: 0
[2016-12-18 18:27:39] EDIT matematicas/models/menu.py: 0
[2016-12-18 18:27:39] EDIT matematicas/models/menu.py: 0
[2016-12-18 18:52:46] EDIT matematicas/models/menu.py: 6
[2016-12-18 18:52:46] EDIT matematicas/models/menu.py: 0
[2016-12-18 18:52:46] EDIT matematicas/models/menu.py: 0
[2016-12-18 18:53:28] EDIT matematicas/models/menu.py: 0
[2016-12-18 18:53:31] EDIT matematicas/models/menu.py: 0
[2016-12-18 18:53:31] EDIT matematicas/models/menu.py: 0
[2016-12-18 18:53:31] EDIT matematicas/models/menu.py: 0
[2016-12-18 18:56:16] CREATE unidad2/areacurvas.html: 0
[2016-12-18 18:56:58] CREATE unidad2/volumenrebanadas.html: 0
[2016-12-18 18:57:30] CREATE unidad2/volumensolido.html: 0
[2016-12-18 18:58:08] CREATE unidad2/longitudarco.html: 0
[2016-12-18 18:58:29] CREATE unidad2.py: 0
[2016-12-18 19:01:57] EDIT matematicas/controllers/unidad2.py: 11
[2016-12-18 19:01:58] EDIT matematicas/controllers/unidad2.py: 0
[2016-12-18 19:01:58] EDIT matematicas/controllers/unidad2.py: 0
[2016-12-18 19:01:58] EDIT matematicas/controllers/unidad2.py: 0
[2016-12-18 19:02:01] EDIT matematicas/models/menu.py: 0
[2016-12-18 19:02:01] EDIT matematicas/models/menu.py: 0
[2016-12-18 19:02:01] EDIT matematicas/models/menu.py: 0
[2016-12-18 19:09:08] EDIT matematicas/models/menu.py: 5
[2016-12-18 19:09:32] CREATE unidad3/reglahopital.html: 0
[2016-12-18 19:10:38] CREATE unidad3/formasindeterminadas.html: 0
[2016-12-18 19:11:15] CREATE unidad3/integralesimpropias.html: 0
[2016-12-18 19:11:34] CREATE unidad3.py: 0
[2016-12-18 19:16:56] EDIT matematicas/controllers/unidad3.py: 8
[2016-12-18 19:16:56] EDIT matematicas/controllers/unidad3.py: 0
[2016-12-18 19:16:57] EDIT matematicas/controllers/unidad3.py: 0
[2016-12-18 19:22:19] EDIT matematicas/models/menu.py: 8
[2016-12-18 19:22:19] EDIT matematicas/models/menu.py: 0
[2016-12-18 19:22:19] EDIT matematicas/models/menu.py: 0
[2016-12-18 19:26:41] EDIT matematicas/models/menu.py: 5
[2016-12-18 19:26:41] EDIT matematicas/models/menu.py: 0
[2016-12-18 19:26:41] EDIT matematicas/models/menu.py: 0
[2016-12-18 19:26:42] EDIT matematicas/models/menu.py: 0
[2016-12-18 19:26:42] EDIT matematicas/models/menu.py: 0
[2016-12-18 19:27:09] CREATE unidad4/sucesiones.html: 0
[2016-12-18 19:27:35] CREATE unidad4/seriesinfinitas.html: 0
[2016-12-18 19:28:02] CREATE unidad4/seriespositivas.html: 0
[2016-12-18 19:29:40] CREATE unidad4/seriesalternantes.html: 0
[2016-12-18 19:31:10] CREATE unidad4/seriespotencia.html: 0
[2016-12-18 19:31:42] CREATE unidad4/seriestaylor.html: 0
[2016-12-18 19:32:08] CREATE default/examenes.html: 0
[2016-12-18 19:32:36] CREATE default/recursosdigitales.html: 0
[2016-12-18 19:33:03] CREATE default/publicarrecursos.html: 0
[2016-12-18 19:33:31] CREATE default/publicarexamen.html: 0
[2016-12-18 19:34:00] CREATE default/verexamenes.html: 0
[2016-12-18 19:34:22] CREATE unidad4.py: 0
[2016-12-18 19:38:15] EDIT matematicas/controllers/default.py: 15
[2016-12-18 19:38:15] EDIT matematicas/controllers/default.py: 0
[2016-12-18 19:38:15] EDIT matematicas/controllers/default.py: 0
[2016-12-18 19:42:40] EDIT matematicas/controllers/unidad4.py: 17
[2016-12-18 19:42:40] EDIT matematicas/controllers/unidad4.py: 0
[2016-12-18 19:42:40] EDIT matematicas/controllers/unidad4.py: 0
[2016-12-18 19:42:40] EDIT matematicas/controllers/unidad4.py: 0
[2016-12-18 19:44:51] EDIT matematicas/models/menu.py: -10
[2016-12-18 19:44:52] EDIT matematicas/models/menu.py: 0
[2016-12-18 19:51:40] EDIT matematicas/models/menu.py: 0
[2016-12-18 19:54:48] EDIT matematicas/views/layout.html: 0
[2016-12-18 20:03:13] EDIT matematicas/static/css/web2py-bootstrap3.css: 0
[2016-12-18 20:03:14] EDIT matematicas/static/css/web2py-bootstrap3.css: 0
[2016-12-18 20:04:14] EDIT matematicas/static/css/web2py-bootstrap3.css: 0
[2016-12-18 20:04:15] EDIT matematicas/static/css/web2py-bootstrap3.css: 0
[2016-12-18 20:05:11] EDIT matematicas/static/css/web2py-bootstrap3.css: -3
[2016-12-18 20:05:11] EDIT matematicas/static/css/web2py-bootstrap3.css: 0
[2016-12-18 20:05:12] EDIT matematicas/static/css/web2py-bootstrap3.css: 0
[2016-12-18 20:05:12] EDIT matematicas/static/css/web2py-bootstrap3.css: 0
[2016-12-18 20:05:12] EDIT matematicas/static/css/web2py-bootstrap3.css: 0
[2016-12-18 20:05:12] EDIT matematicas/static/css/web2py-bootstrap3.css: 0
[2016-12-18 20:05:13] EDIT matematicas/static/css/web2py-bootstrap3.css: 0
[2016-12-18 20:06:50] EDIT matematicas/static/css/web2py-bootstrap3.css: 3
[2016-12-18 20:06:51] EDIT matematicas/static/css/web2py-bootstrap3.css: 0
[2016-12-19 00:06:32] EDIT matematicas/models/db.py: 6
[2016-12-19 00:06:32] EDIT matematicas/models/db.py: 0
[2016-12-19 00:06:50] EDIT matematicas/models/db.py: 0
[2016-12-19 00:06:57] EDIT matematicas/models/db.py: 0
[2016-12-19 00:17:52] EDIT matematicas/models/db.py: 1
[2016-12-19 00:17:54] EDIT matematicas/models/db.py: 0
[2016-12-19 00:18:44] EDIT matematicas/models/db.py: -1
[2016-12-19 00:18:45] EDIT matematicas/models/db.py: 0
[2016-12-19 00:20:12] EDIT matematicas/models/db.py: 0
[2016-12-19 00:21:01] EDIT matematicas/models/db.py: -6
[2016-12-20 17:03:26] EDIT matematicas/views/unidad1/aplicaciones.html: 9
[2016-12-20 17:03:27] EDIT matematicas/views/unidad1/aplicaciones.html: 0
[2016-12-20 17:03:35] EDIT matematicas/views/unidad1/criteriosderivada.html: 9
[2016-12-20 17:03:36] EDIT matematicas/views/unidad1/criteriosderivada.html: 0
[2016-12-20 17:03:44] EDIT matematicas/views/unidad1/diferencialfuncion.html: 9
[2016-12-20 17:03:45] EDIT matematicas/views/unidad1/diferencialfuncion.html: 0
[2016-12-20 17:03:45] EDIT matematicas/views/unidad1/diferencialfuncion.html: 0
[2016-12-20 17:03:51] EDIT matematicas/views/unidad1/extremosfuncion.html: 9
[2016-12-20 17:03:51] EDIT matematicas/views/unidad1/extremosfuncion.html: 0
[2016-12-20 17:04:00] EDIT matematicas/views/unidad1/maximosminimos.html: 9
[2016-12-20 17:04:00] EDIT matematicas/views/unidad1/maximosminimos.html: 0
[2016-12-20 17:04:08] EDIT matematicas/views/unidad1/optimizacion.html: 9
[2016-12-20 17:04:22] EDIT matematicas/views/unidad1/razonescambio.html: 9
[2016-12-20 17:05:50] EDIT matematicas/views/default/index.html: -17
[2016-12-20 17:05:59] EDIT matematicas/views/default/index.html: 0
[2016-12-20 17:06:39] EDIT matematicas/views/default/index.html: 0
[2016-12-20 17:07:33] EDIT matematicas/views/default/index.html: -6
[2016-12-20 17:09:42] DELETE matematicas/views/unidad1/optimizacion.html.1: -12
[2016-12-20 17:12:59] EDIT matematicas/views/default/index.html: 1
[2016-12-20 17:14:53] EDIT matematicas/views/default/index.html: -1
[2016-12-20 17:14:53] EDIT matematicas/views/default/index.html: 0
[2016-12-20 17:20:25] EDIT matematicas/views/default/index.html: 0
[2016-12-20 17:21:30] EDIT matematicas/views/default/index.html: 0
[2016-12-20 17:29:02] EDIT matematicas/views/default/index.html: 4
[2016-12-20 17:29:40] EDIT matematicas/views/default/index.html: -1
[2016-12-20 17:35:32] EDIT matematicas/views/default/index.html: -6
[2016-12-20 17:35:33] EDIT matematicas/views/default/index.html: 0
[2016-12-20 17:39:40] EDIT matematicas/views/unidad1/razonescambio.html: -2
[2016-12-20 17:41:27] EDIT matematicas/views/unidad1/razonescambio.html: 4
[2016-12-20 17:42:12] EDIT matematicas/views/unidad1/razonescambio.html: 0
[2016-12-20 17:48:19] EDIT matematicas/views/unidad1/razonescambio.html: 0
[2016-12-20 17:48:36] EDIT matematicas/views/unidad1/razonescambio.html: 0
[2016-12-20 17:49:12] EDIT matematicas/views/unidad1/razonescambio.html: -2
[2016-12-20 17:58:12] EDIT matematicas/views/unidad1/razonescambio.html: 4
[2016-12-20 18:17:35] EDIT matematicas/views/unidad1/diferencialfuncion.html: 14
[2016-12-20 18:18:41] EDIT matematicas/views/unidad1/diferencialfuncion.html: 0
[2016-12-20 18:18:50] EDIT matematicas/views/unidad1/diferencialfuncion.html: 0
[2016-12-20 18:19:46] EDIT matematicas/views/unidad1/diferencialfuncion.html: 0
[2016-12-20 18:20:48] EDIT matematicas/views/unidad1/diferencialfuncion.html: 0
[2016-12-20 18:27:20] EDIT matematicas/views/unidad1/diferencialfuncion.html: 2
[2016-12-20 18:29:28] EDIT matematicas/views/unidad1/diferencialfuncion.html: 0
[2016-12-20 18:29:42] EDIT matematicas/views/unidad1/diferencialfuncion.html: 0
[2016-12-20 18:29:43] EDIT matematicas/views/unidad1/diferencialfuncion.html: 0
[2016-12-20 18:30:36] EDIT matematicas/views/unidad1/diferencialfuncion.html: 0
[2016-12-20 18:30:44] EDIT matematicas/views/unidad1/diferencialfuncion.html: 0
[2016-12-20 18:31:33] EDIT matematicas/views/unidad1/diferencialfuncion.html: -1
[2016-12-20 18:32:13] EDIT matematicas/views/unidad1/diferencialfuncion.html: 0
[2016-12-20 18:35:06] EDIT matematicas/views/unidad1/diferencialfuncion.html: 2
[2016-12-20 18:46:49] EDIT matematicas/views/unidad1/diferencialfuncion.html: 1
[2016-12-20 18:46:52] EDIT matematicas/views/unidad1/diferencialfuncion.html: 0
[2016-12-20 19:00:27] DELETE matematicas/views/unidad1/extremosfuncion.html: -12
[2016-12-20 19:00:56] DELETE matematicas/views/unidad1/criteriosderivada.html: -12
[2016-12-20 19:01:32] DELETE matematicas/views/unidad1/optimizacion.html: -12
[2016-12-20 19:03:59] EDIT matematicas/views/unidad1/maximosminimos.html: 0
[2016-12-20 20:03:30] EDIT matematicas/views/unidad1/maximosminimos.html: 9
[2017-01-09 12:13:47] EDIT matematicas/views/unidad1/diferencialfuncion.html: 6
[2017-01-09 12:26:29] CREATE unidad8/nueva.html: 0
[2017-01-09 12:27:12] CREATE unidad8.py: 0
[2017-01-09 12:28:16] EDIT matematicas/controllers/unidad8.py: 2
[2017-01-09 12:29:12] EDIT matematicas/views/unidad8/nueva.html: 0
[2017-01-09 12:31:07] EDIT matematicas/views/unidad8/nueva.html: 48
[2017-01-09 12:36:16] EDIT matematicas/views/layout.html: 0
[2017-01-09 12:39:14] EDIT matematicas/views/layout.html: 0
